<?xml version="1.0" encoding="UTF-8"?>
<testng-results ignored="0" total="1" passed="1" failed="0" skipped="0">
  <reporter-output>
  </reporter-output>
  <suite started-at="2023-08-13T02:16:03Z" name="InetBankingV1" finished-at="2023-08-13T02:16:13Z" duration-ms="10244">
    <groups>
    </groups>
    <test started-at="2023-08-13T02:16:03Z" name="Banking App Test" finished-at="2023-08-13T02:16:13Z" duration-ms="10244">
      <class name="com.inetbanking.testCases.TC_LoginTest_001">
        <test-method is-config="true" signature="setup(java.lang.String)[pri:0, instance:com.inetbanking.testCases.TC_LoginTest_001@6d026701]" started-at="2023-08-13T02:16:03Z" name="setup" finished-at="2023-08-13T02:16:07Z" duration-ms="4928" status="PASS">
          <params>
            <param index="0">
              <value>
                <![CDATA[chrome]]>
              </value>
            </param>
          </params>
          <reporter-output>
          </reporter-output>
        </test-method> <!-- setup -->
        <test-method signature="loginTest()[pri:0, instance:com.inetbanking.testCases.TC_LoginTest_001@6d026701]" started-at="2023-08-13T02:16:07Z" name="loginTest" finished-at="2023-08-13T02:16:13Z" duration-ms="5302" status="PASS">
          <reporter-output>
          </reporter-output>
        </test-method> <!-- loginTest -->
      </class> <!-- com.inetbanking.testCases.TC_LoginTest_001 -->
    </test> <!-- Banking App Test -->
  </suite> <!-- InetBankingV1 -->
</testng-results>
