<?xml version="1.0" encoding="UTF-8"?>
<testng-results ignored="0" total="1" passed="1" failed="0" skipped="0">
  <reporter-output>
  </reporter-output>
  <suite started-at="2024-01-29T03:48:59Z" name="Default suite" finished-at="2024-01-29T03:49:00Z" duration-ms="1622">
    <groups>
    </groups>
    <test started-at="2024-01-29T03:48:59Z" name="Default test" finished-at="2024-01-29T03:49:00Z" duration-ms="1622">
      <class name="com.inetbanking.demo.Headless">
        <test-method signature="test()[pri:0, instance:com.inetbanking.demo.Headless@48e92c5c]" started-at="2024-01-29T03:48:59Z" name="test" finished-at="2024-01-29T03:49:00Z" duration-ms="1583" status="PASS">
          <reporter-output>
          </reporter-output>
        </test-method> <!-- test -->
      </class> <!-- com.inetbanking.demo.Headless -->
    </test> <!-- Default test -->
  </suite> <!-- Default suite -->
</testng-results>
